2019-07-12 18:58:22 INFO  Router:80 - show login scene 
2019-07-12 18:58:22 INFO  Router:93 - start client 
2019-07-12 18:58:30 INFO  Router:205 - show main scene 
2019-07-12 18:58:42 INFO  Router:80 - show login scene 
2019-07-12 18:58:42 INFO  Router:93 - start client 
2019-07-12 18:58:49 WARN  Router:161 - User can't authorize
messenger.model.exceptions.AuthException: Name or password is not correct
	at messenger.model.serviceRealization.UserRegistrationServiceImpl.auth(UserRegistrationServiceImpl.java:45)
	at messenger.controller.Router.login(Router.java:156)
	at messenger.controller.Router.lambda$actions$0(Router.java:112)
	at com.sun.javafx.event.CompositeEventHandler.dispatchBubblingEvent(CompositeEventHandler.java:86)
	at com.sun.javafx.event.EventHandlerManager.dispatchBubblingEvent(EventHandlerManager.java:238)
	at com.sun.javafx.event.EventHandlerManager.dispatchBubblingEvent(EventHandlerManager.java:191)
	at com.sun.javafx.event.CompositeEventDispatcher.dispatchBubblingEvent(CompositeEventDispatcher.java:59)
	at com.sun.javafx.event.BasicEventDispatcher.dispatchEvent(BasicEventDispatcher.java:58)
	at com.sun.javafx.event.EventDispatchChainImpl.dispatchEvent(EventDispatchChainImpl.java:114)
	at com.sun.javafx.event.BasicEventDispatcher.dispatchEvent(BasicEventDispatcher.java:56)
	at com.sun.javafx.event.EventDispatchChainImpl.dispatchEvent(EventDispatchChainImpl.java:114)
	at com.sun.javafx.event.BasicEventDispatcher.dispatchEvent(BasicEventDispatcher.java:56)
	at com.sun.javafx.event.EventDispatchChainImpl.dispatchEvent(EventDispatchChainImpl.java:114)
	at com.sun.javafx.event.EventUtil.fireEventImpl(EventUtil.java:74)
	at com.sun.javafx.event.EventUtil.fireEvent(EventUtil.java:49)
	at javafx.event.Event.fireEvent(Event.java:198)
	at javafx.scene.Node.fireEvent(Node.java:8411)
	at javafx.scene.control.Button.fire(Button.java:185)
	at com.sun.javafx.scene.control.behavior.ButtonBehavior.mouseReleased(ButtonBehavior.java:182)
	at com.sun.javafx.scene.control.skin.BehaviorSkinBase$1.handle(BehaviorSkinBase.java:96)
	at com.sun.javafx.scene.control.skin.BehaviorSkinBase$1.handle(BehaviorSkinBase.java:89)
	at com.sun.javafx.event.CompositeEventHandler$NormalEventHandlerRecord.handleBubblingEvent(CompositeEventHandler.java:218)
	at com.sun.javafx.event.CompositeEventHandler.dispatchBubblingEvent(CompositeEventHandler.java:80)
	at com.sun.javafx.event.EventHandlerManager.dispatchBubblingEvent(EventHandlerManager.java:238)
	at com.sun.javafx.event.EventHandlerManager.dispatchBubblingEvent(EventHandlerManager.java:191)
	at com.sun.javafx.event.CompositeEventDispatcher.dispatchBubblingEvent(CompositeEventDispatcher.java:59)
	at com.sun.javafx.event.BasicEventDispatcher.dispatchEvent(BasicEventDispatcher.java:58)
	at com.sun.javafx.event.EventDispatchChainImpl.dispatchEvent(EventDispatchChainImpl.java:114)
	at com.sun.javafx.event.BasicEventDispatcher.dispatchEvent(BasicEventDispatcher.java:56)
	at com.sun.javafx.event.EventDispatchChainImpl.dispatchEvent(EventDispatchChainImpl.java:114)
	at com.sun.javafx.event.BasicEventDispatcher.dispatchEvent(BasicEventDispatcher.java:56)
	at com.sun.javafx.event.EventDispatchChainImpl.dispatchEvent(EventDispatchChainImpl.java:114)
	at com.sun.javafx.event.EventUtil.fireEventImpl(EventUtil.java:74)
	at com.sun.javafx.event.EventUtil.fireEvent(EventUtil.java:54)
	at javafx.event.Event.fireEvent(Event.java:198)
	at javafx.scene.Scene$MouseHandler.process(Scene.java:3757)
	at javafx.scene.Scene$MouseHandler.access$1500(Scene.java:3485)
	at javafx.scene.Scene.impl_processMouseEvent(Scene.java:1762)
	at javafx.scene.Scene$ScenePeerListener.mouseEvent(Scene.java:2494)
	at com.sun.javafx.tk.quantum.GlassViewEventHandler$MouseEventNotification.run(GlassViewEventHandler.java:394)
	at com.sun.javafx.tk.quantum.GlassViewEventHandler$MouseEventNotification.run(GlassViewEventHandler.java:295)
	at java.security.AccessController.doPrivileged(Native Method)
	at com.sun.javafx.tk.quantum.GlassViewEventHandler.lambda$handleMouseEvent$353(GlassViewEventHandler.java:432)
	at com.sun.javafx.tk.quantum.QuantumToolkit.runWithoutRenderLock(QuantumToolkit.java:389)
	at com.sun.javafx.tk.quantum.GlassViewEventHandler.handleMouseEvent(GlassViewEventHandler.java:431)
	at com.sun.glass.ui.View.handleMouseEvent(View.java:555)
	at com.sun.glass.ui.View.notifyMouse(View.java:937)
	at com.sun.glass.ui.win.WinApplication._runLoop(Native Method)
	at com.sun.glass.ui.win.WinApplication.lambda$null$147(WinApplication.java:177)
	at java.lang.Thread.run(Thread.java:748)
2019-07-12 18:59:04 INFO  Router:205 - show main scene 
2019-07-12 18:59:12 WARN  MessageServiceImpl:57 - while parsing message from user
org.xml.sax.SAXParseException; lineNumber: 1; columnNumber: 38; XML document structures must start and end within the same entity.
	at com.sun.org.apache.xerces.internal.parsers.DOMParser.parse(DOMParser.java:257)
	at com.sun.org.apache.xerces.internal.jaxp.DocumentBuilderImpl.parse(DocumentBuilderImpl.java:339)
	at messenger.model.serviceRealization.MessageServiceImpl.parseMessage(MessageServiceImpl.java:39)
	at messenger.controller.Listener.showMessage(Listener.java:69)
	at messenger.controller.Listener.run(Listener.java:51)
2019-07-12 18:59:12 WARN  MessageServiceImpl:57 - while parsing message from user
org.xml.sax.SAXParseException; lineNumber: 1; columnNumber: 2; The markup in the document preceding the root element must be well-formed.
	at com.sun.org.apache.xerces.internal.parsers.DOMParser.parse(DOMParser.java:257)
	at com.sun.org.apache.xerces.internal.jaxp.DocumentBuilderImpl.parse(DocumentBuilderImpl.java:339)
	at messenger.model.serviceRealization.MessageServiceImpl.parseMessage(MessageServiceImpl.java:39)
	at messenger.controller.Listener.showMessage(Listener.java:69)
	at messenger.controller.Listener.run(Listener.java:51)
2019-07-12 18:59:12 WARN  MessageServiceImpl:57 - while parsing message from user
org.xml.sax.SAXParseException; lineNumber: 1; columnNumber: 38; XML document structures must start and end within the same entity.
	at com.sun.org.apache.xerces.internal.parsers.DOMParser.parse(DOMParser.java:257)
	at com.sun.org.apache.xerces.internal.jaxp.DocumentBuilderImpl.parse(DocumentBuilderImpl.java:339)
	at messenger.model.serviceRealization.MessageServiceImpl.parseMessage(MessageServiceImpl.java:39)
	at messenger.controller.Listener.showMessage(Listener.java:69)
	at messenger.controller.Listener.run(Listener.java:51)
2019-07-12 19:00:30 INFO  Router:80 - show login scene 
2019-07-12 19:00:30 INFO  Router:93 - start client 
2019-07-12 19:00:37 INFO  Router:205 - show main scene 
2019-07-12 19:00:58 INFO  Router:80 - show login scene 
2019-07-12 19:00:58 INFO  Router:93 - start client 
2019-07-12 19:01:04 INFO  Router:205 - show main scene 
2019-07-12 19:01:30 INFO  Router:80 - show login scene 
2019-07-12 19:01:30 INFO  Router:93 - start client 
2019-07-12 19:01:40 INFO  Router:205 - show main scene 
2019-07-12 19:01:44 ERROR Listener:53 - catch NullPointerException, server don't work 
java.lang.NullPointerException
	at java.io.StringReader.<init>(StringReader.java:50)
	at messenger.model.serviceRealization.MessageServiceImpl.parseMessage(MessageServiceImpl.java:39)
	at messenger.controller.Listener.showMessage(Listener.java:69)
	at messenger.controller.Listener.run(Listener.java:51)
2019-07-12 19:01:49 INFO  Router:225 - java.net.SocketException: Software caused connection abort: socket write error
2019-07-12 19:02:24 INFO  Router:80 - show login scene 
2019-07-12 19:02:24 INFO  Router:93 - start client 
2019-07-12 19:02:33 INFO  Router:205 - show main scene 
2019-07-12 19:33:00 INFO  Router:80 - show login scene 
2019-07-12 19:33:00 INFO  Router:93 - start client 
2019-07-12 19:33:07 INFO  Router:205 - show main scene 
2019-07-12 19:33:19 INFO  Router:80 - show login scene 
2019-07-12 19:33:19 INFO  Router:93 - start client 
2019-07-12 19:33:29 INFO  Router:205 - show main scene 
2019-07-15 13:30:09 INFO  Router:82 - show login scene 
2019-07-15 13:30:09 INFO  Router:95 - start client 
2019-07-15 13:30:17 INFO  Router:207 - show main scene 
2019-07-15 13:30:28 INFO  Router:82 - show login scene 
2019-07-15 13:30:28 INFO  Router:95 - start client 
2019-07-15 13:30:37 INFO  Router:207 - show main scene 
2019-07-15 13:30:40 ERROR Listener:53 - catch NullPointerException, server don't work 
java.lang.NullPointerException
	at java.io.StringReader.<init>(StringReader.java:50)
	at messenger.model.serviceRealization.MessageServiceImpl.parseMessage(MessageServiceImpl.java:39)
	at messenger.controller.Listener.showMessage(Listener.java:69)
	at messenger.controller.Listener.run(Listener.java:51)
2019-07-15 13:30:49 INFO  Router:82 - show login scene 
2019-07-15 13:30:49 INFO  Router:95 - start client 
2019-07-15 13:30:55 INFO  Router:207 - show main scene 
2019-07-15 13:31:03 ERROR Listener:53 - catch NullPointerException, server don't work 
java.lang.NullPointerException
	at java.io.StringReader.<init>(StringReader.java:50)
	at messenger.model.serviceRealization.MessageServiceImpl.parseMessage(MessageServiceImpl.java:39)
	at messenger.controller.Listener.showMessage(Listener.java:69)
	at messenger.controller.Listener.run(Listener.java:51)
2019-07-15 13:31:23 INFO  Router:227 - java.net.SocketException: Software caused connection abort: socket write error
2019-07-15 13:31:26 INFO  Router:227 - java.net.SocketException: Software caused connection abort: socket write error
2019-07-15 13:31:29 INFO  Router:227 - java.net.SocketException: Software caused connection abort: socket write error
2019-07-15 13:31:31 INFO  Router:227 - java.net.SocketException: Software caused connection abort: socket write error
2019-07-15 13:32:20 INFO  Router:82 - show login scene 
2019-07-15 13:32:20 INFO  Router:95 - start client 
2019-07-15 13:32:28 INFO  Router:207 - show main scene 
2019-07-15 13:32:49 INFO  Router:82 - show login scene 
2019-07-15 13:32:49 INFO  Router:95 - start client 
2019-07-15 13:32:56 INFO  Router:207 - show main scene 
2019-07-15 13:33:23 INFO  Router:82 - show login scene 
2019-07-15 13:33:23 INFO  Router:95 - start client 
2019-07-15 13:33:34 INFO  Router:207 - show main scene 
2019-07-15 13:33:42 ERROR Listener:53 - catch NullPointerException, server don't work 
java.lang.NullPointerException
	at java.io.StringReader.<init>(StringReader.java:50)
	at messenger.model.serviceRealization.MessageServiceImpl.parseMessage(MessageServiceImpl.java:39)
	at messenger.controller.Listener.showMessage(Listener.java:69)
	at messenger.controller.Listener.run(Listener.java:51)
2019-07-15 13:33:49 ERROR Listener:53 - catch NullPointerException, server don't work 
java.lang.NullPointerException
	at java.io.StringReader.<init>(StringReader.java:50)
	at messenger.model.serviceRealization.MessageServiceImpl.parseMessage(MessageServiceImpl.java:39)
	at messenger.controller.Listener.showMessage(Listener.java:69)
	at messenger.controller.Listener.run(Listener.java:51)
2019-07-15 13:33:53 INFO  Router:227 - java.net.SocketException: Software caused connection abort: socket write error
2019-07-15 13:33:55 INFO  Router:227 - java.net.SocketException: Software caused connection abort: socket write error
2019-07-15 13:35:28 INFO  Router:82 - show login scene 
2019-07-15 13:35:28 INFO  Router:95 - start client 
2019-07-15 13:35:41 INFO  Router:207 - show main scene 
2019-07-15 13:35:45 ERROR Listener:53 - catch NullPointerException, server don't work 
java.lang.NullPointerException
	at java.io.StringReader.<init>(StringReader.java:50)
	at messenger.model.serviceRealization.MessageServiceImpl.parseMessage(MessageServiceImpl.java:39)
	at messenger.controller.Listener.showMessage(Listener.java:69)
	at messenger.controller.Listener.run(Listener.java:51)
2019-07-15 13:36:39 INFO  Router:82 - show login scene 
2019-07-15 13:36:39 INFO  Router:95 - start client 
2019-07-15 13:36:49 INFO  Router:207 - show main scene 
2019-07-15 13:39:46 INFO  Router:82 - show login scene 
2019-07-15 13:39:46 INFO  Router:95 - start client 
2019-07-15 13:39:55 INFO  Router:207 - show main scene 
2019-07-15 13:40:19 INFO  Router:82 - show login scene 
2019-07-15 13:40:19 INFO  Router:95 - start client 
2019-07-15 13:40:25 INFO  Router:207 - show main scene 
2019-07-15 14:37:07 ERROR Router:99 - java.net.ConnectException: Connection refused: connect
2019-07-15 14:37:37 INFO  Router:95 - start client 
2019-07-15 14:42:40 INFO  Router:96 - start client 
2019-07-15 14:43:34 INFO  Router:95 - start client 
2019-07-15 14:48:08 INFO  Router:82 - show login scene 
2019-07-15 14:48:08 INFO  Router:95 - start client 
2019-07-15 14:48:59 INFO  Router:82 - show login scene 
2019-07-15 14:48:59 INFO  Router:95 - start client 
2019-07-15 14:50:20 INFO  Router:82 - show login scene 
2019-07-15 14:50:21 ERROR Router:99 - java.net.ConnectException: Connection refused: connect
2019-07-15 14:50:49 INFO  Router:82 - show login scene 
2019-07-15 14:50:49 INFO  Router:95 - start client 
2019-07-15 14:56:07 INFO  Router:82 - show login scene 
2019-07-15 14:56:07 INFO  Router:95 - start client 
2019-07-15 15:04:22 INFO  Router:82 - show login scene 
2019-07-15 15:04:22 INFO  Router:95 - start client 
2019-07-15 15:04:23 WARN  Router:164 - User can't authorize
messenger.model.exceptions.AuthException: Name or password is not correct
	at messenger.model.serviceRealization.UserRegistrationServiceImpl.auth(UserRegistrationServiceImpl.java:49)
	at messenger.controller.Router.login(Router.java:159)
	at messenger.controller.Router.lambda$actions$0(Router.java:114)
	at com.sun.javafx.event.CompositeEventHandler.dispatchBubblingEvent(CompositeEventHandler.java:86)
	at com.sun.javafx.event.EventHandlerManager.dispatchBubblingEvent(EventHandlerManager.java:238)
	at com.sun.javafx.event.EventHandlerManager.dispatchBubblingEvent(EventHandlerManager.java:191)
	at com.sun.javafx.event.CompositeEventDispatcher.dispatchBubblingEvent(CompositeEventDispatcher.java:59)
	at com.sun.javafx.event.BasicEventDispatcher.dispatchEvent(BasicEventDispatcher.java:58)
	at com.sun.javafx.event.EventDispatchChainImpl.dispatchEvent(EventDispatchChainImpl.java:114)
	at com.sun.javafx.event.BasicEventDispatcher.dispatchEvent(BasicEventDispatcher.java:56)
	at com.sun.javafx.event.EventDispatchChainImpl.dispatchEvent(EventDispatchChainImpl.java:114)
	at com.sun.javafx.event.BasicEventDispatcher.dispatchEvent(BasicEventDispatcher.java:56)
	at com.sun.javafx.event.EventDispatchChainImpl.dispatchEvent(EventDispatchChainImpl.java:114)
	at com.sun.javafx.event.EventUtil.fireEventImpl(EventUtil.java:74)
	at com.sun.javafx.event.EventUtil.fireEvent(EventUtil.java:49)
	at javafx.event.Event.fireEvent(Event.java:198)
	at javafx.scene.Node.fireEvent(Node.java:8411)
	at javafx.scene.control.Button.fire(Button.java:185)
	at com.sun.javafx.scene.control.behavior.ButtonBehavior.mouseReleased(ButtonBehavior.java:182)
	at com.sun.javafx.scene.control.skin.BehaviorSkinBase$1.handle(BehaviorSkinBase.java:96)
	at com.sun.javafx.scene.control.skin.BehaviorSkinBase$1.handle(BehaviorSkinBase.java:89)
	at com.sun.javafx.event.CompositeEventHandler$NormalEventHandlerRecord.handleBubblingEvent(CompositeEventHandler.java:218)
	at com.sun.javafx.event.CompositeEventHandler.dispatchBubblingEvent(CompositeEventHandler.java:80)
	at com.sun.javafx.event.EventHandlerManager.dispatchBubblingEvent(EventHandlerManager.java:238)
	at com.sun.javafx.event.EventHandlerManager.dispatchBubblingEvent(EventHandlerManager.java:191)
	at com.sun.javafx.event.CompositeEventDispatcher.dispatchBubblingEvent(CompositeEventDispatcher.java:59)
	at com.sun.javafx.event.BasicEventDispatcher.dispatchEvent(BasicEventDispatcher.java:58)
	at com.sun.javafx.event.EventDispatchChainImpl.dispatchEvent(EventDispatchChainImpl.java:114)
	at com.sun.javafx.event.BasicEventDispatcher.dispatchEvent(BasicEventDispatcher.java:56)
	at com.sun.javafx.event.EventDispatchChainImpl.dispatchEvent(EventDispatchChainImpl.java:114)
	at com.sun.javafx.event.BasicEventDispatcher.dispatchEvent(BasicEventDispatcher.java:56)
	at com.sun.javafx.event.EventDispatchChainImpl.dispatchEvent(EventDispatchChainImpl.java:114)
	at com.sun.javafx.event.EventUtil.fireEventImpl(EventUtil.java:74)
	at com.sun.javafx.event.EventUtil.fireEvent(EventUtil.java:54)
	at javafx.event.Event.fireEvent(Event.java:198)
	at javafx.scene.Scene$MouseHandler.process(Scene.java:3757)
	at javafx.scene.Scene$MouseHandler.access$1500(Scene.java:3485)
	at javafx.scene.Scene.impl_processMouseEvent(Scene.java:1762)
	at javafx.scene.Scene$ScenePeerListener.mouseEvent(Scene.java:2494)
	at com.sun.javafx.tk.quantum.GlassViewEventHandler$MouseEventNotification.run(GlassViewEventHandler.java:394)
	at com.sun.javafx.tk.quantum.GlassViewEventHandler$MouseEventNotification.run(GlassViewEventHandler.java:295)
	at java.security.AccessController.doPrivileged(Native Method)
	at com.sun.javafx.tk.quantum.GlassViewEventHandler.lambda$handleMouseEvent$353(GlassViewEventHandler.java:432)
	at com.sun.javafx.tk.quantum.QuantumToolkit.runWithoutRenderLock(QuantumToolkit.java:389)
	at com.sun.javafx.tk.quantum.GlassViewEventHandler.handleMouseEvent(GlassViewEventHandler.java:431)
	at com.sun.glass.ui.View.handleMouseEvent(View.java:555)
	at com.sun.glass.ui.View.notifyMouse(View.java:937)
	at com.sun.glass.ui.win.WinApplication._runLoop(Native Method)
	at com.sun.glass.ui.win.WinApplication.lambda$null$147(WinApplication.java:177)
	at java.lang.Thread.run(Thread.java:748)
2019-07-15 15:04:24 WARN  Router:164 - User can't authorize
messenger.model.exceptions.AuthException: Name or password is not correct
	at messenger.model.serviceRealization.UserRegistrationServiceImpl.auth(UserRegistrationServiceImpl.java:49)
	at messenger.controller.Router.login(Router.java:159)
	at messenger.controller.Router.lambda$actions$0(Router.java:114)
	at com.sun.javafx.event.CompositeEventHandler.dispatchBubblingEvent(CompositeEventHandler.java:86)
	at com.sun.javafx.event.EventHandlerManager.dispatchBubblingEvent(EventHandlerManager.java:238)
	at com.sun.javafx.event.EventHandlerManager.dispatchBubblingEvent(EventHandlerManager.java:191)
	at com.sun.javafx.event.CompositeEventDispatcher.dispatchBubblingEvent(CompositeEventDispatcher.java:59)
	at com.sun.javafx.event.BasicEventDispatcher.dispatchEvent(BasicEventDispatcher.java:58)
	at com.sun.javafx.event.EventDispatchChainImpl.dispatchEvent(EventDispatchChainImpl.java:114)
	at com.sun.javafx.event.BasicEventDispatcher.dispatchEvent(BasicEventDispatcher.java:56)
	at com.sun.javafx.event.EventDispatchChainImpl.dispatchEvent(EventDispatchChainImpl.java:114)
	at com.sun.javafx.event.BasicEventDispatcher.dispatchEvent(BasicEventDispatcher.java:56)
	at com.sun.javafx.event.EventDispatchChainImpl.dispatchEvent(EventDispatchChainImpl.java:114)
	at com.sun.javafx.event.EventUtil.fireEventImpl(EventUtil.java:74)
	at com.sun.javafx.event.EventUtil.fireEvent(EventUtil.java:49)
	at javafx.event.Event.fireEvent(Event.java:198)
	at javafx.scene.Node.fireEvent(Node.java:8411)
	at javafx.scene.control.Button.fire(Button.java:185)
	at com.sun.javafx.scene.control.behavior.ButtonBehavior.mouseReleased(ButtonBehavior.java:182)
	at com.sun.javafx.scene.control.skin.BehaviorSkinBase$1.handle(BehaviorSkinBase.java:96)
	at com.sun.javafx.scene.control.skin.BehaviorSkinBase$1.handle(BehaviorSkinBase.java:89)
	at com.sun.javafx.event.CompositeEventHandler$NormalEventHandlerRecord.handleBubblingEvent(CompositeEventHandler.java:218)
	at com.sun.javafx.event.CompositeEventHandler.dispatchBubblingEvent(CompositeEventHandler.java:80)
	at com.sun.javafx.event.EventHandlerManager.dispatchBubblingEvent(EventHandlerManager.java:238)
	at com.sun.javafx.event.EventHandlerManager.dispatchBubblingEvent(EventHandlerManager.java:191)
	at com.sun.javafx.event.CompositeEventDispatcher.dispatchBubblingEvent(CompositeEventDispatcher.java:59)
	at com.sun.javafx.event.BasicEventDispatcher.dispatchEvent(BasicEventDispatcher.java:58)
	at com.sun.javafx.event.EventDispatchChainImpl.dispatchEvent(EventDispatchChainImpl.java:114)
	at com.sun.javafx.event.BasicEventDispatcher.dispatchEvent(BasicEventDispatcher.java:56)
	at com.sun.javafx.event.EventDispatchChainImpl.dispatchEvent(EventDispatchChainImpl.java:114)
	at com.sun.javafx.event.BasicEventDispatcher.dispatchEvent(BasicEventDispatcher.java:56)
	at com.sun.javafx.event.EventDispatchChainImpl.dispatchEvent(EventDispatchChainImpl.java:114)
	at com.sun.javafx.event.EventUtil.fireEventImpl(EventUtil.java:74)
	at com.sun.javafx.event.EventUtil.fireEvent(EventUtil.java:54)
	at javafx.event.Event.fireEvent(Event.java:198)
	at javafx.scene.Scene$MouseHandler.process(Scene.java:3757)
	at javafx.scene.Scene$MouseHandler.access$1500(Scene.java:3485)
	at javafx.scene.Scene.impl_processMouseEvent(Scene.java:1762)
	at javafx.scene.Scene$ScenePeerListener.mouseEvent(Scene.java:2494)
	at com.sun.javafx.tk.quantum.GlassViewEventHandler$MouseEventNotification.run(GlassViewEventHandler.java:394)
	at com.sun.javafx.tk.quantum.GlassViewEventHandler$MouseEventNotification.run(GlassViewEventHandler.java:295)
	at java.security.AccessController.doPrivileged(Native Method)
	at com.sun.javafx.tk.quantum.GlassViewEventHandler.lambda$handleMouseEvent$353(GlassViewEventHandler.java:432)
	at com.sun.javafx.tk.quantum.QuantumToolkit.runWithoutRenderLock(QuantumToolkit.java:389)
	at com.sun.javafx.tk.quantum.GlassViewEventHandler.handleMouseEvent(GlassViewEventHandler.java:431)
	at com.sun.glass.ui.View.handleMouseEvent(View.java:555)
	at com.sun.glass.ui.View.notifyMouse(View.java:937)
	at com.sun.glass.ui.win.WinApplication._runLoop(Native Method)
	at com.sun.glass.ui.win.WinApplication.lambda$null$147(WinApplication.java:177)
	at java.lang.Thread.run(Thread.java:748)
2019-07-15 15:04:25 WARN  Router:164 - User can't authorize
messenger.model.exceptions.AuthException: Name or password is not correct
	at messenger.model.serviceRealization.UserRegistrationServiceImpl.auth(UserRegistrationServiceImpl.java:49)
	at messenger.controller.Router.login(Router.java:159)
	at messenger.controller.Router.lambda$actions$0(Router.java:114)
	at com.sun.javafx.event.CompositeEventHandler.dispatchBubblingEvent(CompositeEventHandler.java:86)
	at com.sun.javafx.event.EventHandlerManager.dispatchBubblingEvent(EventHandlerManager.java:238)
	at com.sun.javafx.event.EventHandlerManager.dispatchBubblingEvent(EventHandlerManager.java:191)
	at com.sun.javafx.event.CompositeEventDispatcher.dispatchBubblingEvent(CompositeEventDispatcher.java:59)
	at com.sun.javafx.event.BasicEventDispatcher.dispatchEvent(BasicEventDispatcher.java:58)
	at com.sun.javafx.event.EventDispatchChainImpl.dispatchEvent(EventDispatchChainImpl.java:114)
	at com.sun.javafx.event.BasicEventDispatcher.dispatchEvent(BasicEventDispatcher.java:56)
	at com.sun.javafx.event.EventDispatchChainImpl.dispatchEvent(EventDispatchChainImpl.java:114)
	at com.sun.javafx.event.BasicEventDispatcher.dispatchEvent(BasicEventDispatcher.java:56)
	at com.sun.javafx.event.EventDispatchChainImpl.dispatchEvent(EventDispatchChainImpl.java:114)
	at com.sun.javafx.event.EventUtil.fireEventImpl(EventUtil.java:74)
	at com.sun.javafx.event.EventUtil.fireEvent(EventUtil.java:49)
	at javafx.event.Event.fireEvent(Event.java:198)
	at javafx.scene.Node.fireEvent(Node.java:8411)
	at javafx.scene.control.Button.fire(Button.java:185)
	at com.sun.javafx.scene.control.behavior.ButtonBehavior.mouseReleased(ButtonBehavior.java:182)
	at com.sun.javafx.scene.control.skin.BehaviorSkinBase$1.handle(BehaviorSkinBase.java:96)
	at com.sun.javafx.scene.control.skin.BehaviorSkinBase$1.handle(BehaviorSkinBase.java:89)
	at com.sun.javafx.event.CompositeEventHandler$NormalEventHandlerRecord.handleBubblingEvent(CompositeEventHandler.java:218)
	at com.sun.javafx.event.CompositeEventHandler.dispatchBubblingEvent(CompositeEventHandler.java:80)
	at com.sun.javafx.event.EventHandlerManager.dispatchBubblingEvent(EventHandlerManager.java:238)
	at com.sun.javafx.event.EventHandlerManager.dispatchBubblingEvent(EventHandlerManager.java:191)
	at com.sun.javafx.event.CompositeEventDispatcher.dispatchBubblingEvent(CompositeEventDispatcher.java:59)
	at com.sun.javafx.event.BasicEventDispatcher.dispatchEvent(BasicEventDispatcher.java:58)
	at com.sun.javafx.event.EventDispatchChainImpl.dispatchEvent(EventDispatchChainImpl.java:114)
	at com.sun.javafx.event.BasicEventDispatcher.dispatchEvent(BasicEventDispatcher.java:56)
	at com.sun.javafx.event.EventDispatchChainImpl.dispatchEvent(EventDispatchChainImpl.java:114)
	at com.sun.javafx.event.BasicEventDispatcher.dispatchEvent(BasicEventDispatcher.java:56)
	at com.sun.javafx.event.EventDispatchChainImpl.dispatchEvent(EventDispatchChainImpl.java:114)
	at com.sun.javafx.event.EventUtil.fireEventImpl(EventUtil.java:74)
	at com.sun.javafx.event.EventUtil.fireEvent(EventUtil.java:54)
	at javafx.event.Event.fireEvent(Event.java:198)
	at javafx.scene.Scene$MouseHandler.process(Scene.java:3757)
	at javafx.scene.Scene$MouseHandler.access$1500(Scene.java:3485)
	at javafx.scene.Scene.impl_processMouseEvent(Scene.java:1762)
	at javafx.scene.Scene$ScenePeerListener.mouseEvent(Scene.java:2494)
	at com.sun.javafx.tk.quantum.GlassViewEventHandler$MouseEventNotification.run(GlassViewEventHandler.java:394)
	at com.sun.javafx.tk.quantum.GlassViewEventHandler$MouseEventNotification.run(GlassViewEventHandler.java:295)
	at java.security.AccessController.doPrivileged(Native Method)
	at com.sun.javafx.tk.quantum.GlassViewEventHandler.lambda$handleMouseEvent$353(GlassViewEventHandler.java:432)
	at com.sun.javafx.tk.quantum.QuantumToolkit.runWithoutRenderLock(QuantumToolkit.java:389)
	at com.sun.javafx.tk.quantum.GlassViewEventHandler.handleMouseEvent(GlassViewEventHandler.java:431)
	at com.sun.glass.ui.View.handleMouseEvent(View.java:555)
	at com.sun.glass.ui.View.notifyMouse(View.java:937)
	at com.sun.glass.ui.win.WinApplication._runLoop(Native Method)
	at com.sun.glass.ui.win.WinApplication.lambda$null$147(WinApplication.java:177)
	at java.lang.Thread.run(Thread.java:748)
2019-07-15 15:04:25 WARN  Router:164 - User can't authorize
messenger.model.exceptions.AuthException: Name or password is not correct
	at messenger.model.serviceRealization.UserRegistrationServiceImpl.auth(UserRegistrationServiceImpl.java:49)
	at messenger.controller.Router.login(Router.java:159)
	at messenger.controller.Router.lambda$actions$0(Router.java:114)
	at com.sun.javafx.event.CompositeEventHandler.dispatchBubblingEvent(CompositeEventHandler.java:86)
	at com.sun.javafx.event.EventHandlerManager.dispatchBubblingEvent(EventHandlerManager.java:238)
	at com.sun.javafx.event.EventHandlerManager.dispatchBubblingEvent(EventHandlerManager.java:191)
	at com.sun.javafx.event.CompositeEventDispatcher.dispatchBubblingEvent(CompositeEventDispatcher.java:59)
	at com.sun.javafx.event.BasicEventDispatcher.dispatchEvent(BasicEventDispatcher.java:58)
	at com.sun.javafx.event.EventDispatchChainImpl.dispatchEvent(EventDispatchChainImpl.java:114)
	at com.sun.javafx.event.BasicEventDispatcher.dispatchEvent(BasicEventDispatcher.java:56)
	at com.sun.javafx.event.EventDispatchChainImpl.dispatchEvent(EventDispatchChainImpl.java:114)
	at com.sun.javafx.event.BasicEventDispatcher.dispatchEvent(BasicEventDispatcher.java:56)
	at com.sun.javafx.event.EventDispatchChainImpl.dispatchEvent(EventDispatchChainImpl.java:114)
	at com.sun.javafx.event.EventUtil.fireEventImpl(EventUtil.java:74)
	at com.sun.javafx.event.EventUtil.fireEvent(EventUtil.java:49)
	at javafx.event.Event.fireEvent(Event.java:198)
	at javafx.scene.Node.fireEvent(Node.java:8411)
	at javafx.scene.control.Button.fire(Button.java:185)
	at com.sun.javafx.scene.control.behavior.ButtonBehavior.mouseReleased(ButtonBehavior.java:182)
	at com.sun.javafx.scene.control.skin.BehaviorSkinBase$1.handle(BehaviorSkinBase.java:96)
	at com.sun.javafx.scene.control.skin.BehaviorSkinBase$1.handle(BehaviorSkinBase.java:89)
	at com.sun.javafx.event.CompositeEventHandler$NormalEventHandlerRecord.handleBubblingEvent(CompositeEventHandler.java:218)
	at com.sun.javafx.event.CompositeEventHandler.dispatchBubblingEvent(CompositeEventHandler.java:80)
	at com.sun.javafx.event.EventHandlerManager.dispatchBubblingEvent(EventHandlerManager.java:238)
	at com.sun.javafx.event.EventHandlerManager.dispatchBubblingEvent(EventHandlerManager.java:191)
	at com.sun.javafx.event.CompositeEventDispatcher.dispatchBubblingEvent(CompositeEventDispatcher.java:59)
	at com.sun.javafx.event.BasicEventDispatcher.dispatchEvent(BasicEventDispatcher.java:58)
	at com.sun.javafx.event.EventDispatchChainImpl.dispatchEvent(EventDispatchChainImpl.java:114)
	at com.sun.javafx.event.BasicEventDispatcher.dispatchEvent(BasicEventDispatcher.java:56)
	at com.sun.javafx.event.EventDispatchChainImpl.dispatchEvent(EventDispatchChainImpl.java:114)
	at com.sun.javafx.event.BasicEventDispatcher.dispatchEvent(BasicEventDispatcher.java:56)
	at com.sun.javafx.event.EventDispatchChainImpl.dispatchEvent(EventDispatchChainImpl.java:114)
	at com.sun.javafx.event.EventUtil.fireEventImpl(EventUtil.java:74)
	at com.sun.javafx.event.EventUtil.fireEvent(EventUtil.java:54)
	at javafx.event.Event.fireEvent(Event.java:198)
	at javafx.scene.Scene$MouseHandler.process(Scene.java:3757)
	at javafx.scene.Scene$MouseHandler.access$1500(Scene.java:3485)
	at javafx.scene.Scene.impl_processMouseEvent(Scene.java:1762)
	at javafx.scene.Scene$ScenePeerListener.mouseEvent(Scene.java:2494)
	at com.sun.javafx.tk.quantum.GlassViewEventHandler$MouseEventNotification.run(GlassViewEventHandler.java:394)
	at com.sun.javafx.tk.quantum.GlassViewEventHandler$MouseEventNotification.run(GlassViewEventHandler.java:295)
	at java.security.AccessController.doPrivileged(Native Method)
	at com.sun.javafx.tk.quantum.GlassViewEventHandler.lambda$handleMouseEvent$353(GlassViewEventHandler.java:432)
	at com.sun.javafx.tk.quantum.QuantumToolkit.runWithoutRenderLock(QuantumToolkit.java:389)
	at com.sun.javafx.tk.quantum.GlassViewEventHandler.handleMouseEvent(GlassViewEventHandler.java:431)
	at com.sun.glass.ui.View.handleMouseEvent(View.java:555)
	at com.sun.glass.ui.View.notifyMouse(View.java:937)
	at com.sun.glass.ui.win.WinApplication._runLoop(Native Method)
	at com.sun.glass.ui.win.WinApplication.lambda$null$147(WinApplication.java:177)
	at java.lang.Thread.run(Thread.java:748)
2019-07-15 15:04:31 INFO  Router:214 - show main scene 
2019-07-15 16:58:21 INFO  Router:82 - show login scene 
2019-07-15 16:58:21 INFO  Router:95 - start client 
2019-07-15 16:58:29 WARN  Router:165 - User can't authorize
messenger.model.exceptions.AuthException: Name or password is not correct
	at messenger.model.serviceRealization.UserRegistrationServiceImpl.auth(UserRegistrationServiceImpl.java:49)
	at messenger.controller.Router.login(Router.java:160)
	at messenger.controller.Router.lambda$actions$0(Router.java:114)
	at com.sun.javafx.event.CompositeEventHandler.dispatchBubblingEvent(CompositeEventHandler.java:86)
	at com.sun.javafx.event.EventHandlerManager.dispatchBubblingEvent(EventHandlerManager.java:238)
	at com.sun.javafx.event.EventHandlerManager.dispatchBubblingEvent(EventHandlerManager.java:191)
	at com.sun.javafx.event.CompositeEventDispatcher.dispatchBubblingEvent(CompositeEventDispatcher.java:59)
	at com.sun.javafx.event.BasicEventDispatcher.dispatchEvent(BasicEventDispatcher.java:58)
	at com.sun.javafx.event.EventDispatchChainImpl.dispatchEvent(EventDispatchChainImpl.java:114)
	at com.sun.javafx.event.BasicEventDispatcher.dispatchEvent(BasicEventDispatcher.java:56)
	at com.sun.javafx.event.EventDispatchChainImpl.dispatchEvent(EventDispatchChainImpl.java:114)
	at com.sun.javafx.event.BasicEventDispatcher.dispatchEvent(BasicEventDispatcher.java:56)
	at com.sun.javafx.event.EventDispatchChainImpl.dispatchEvent(EventDispatchChainImpl.java:114)
	at com.sun.javafx.event.EventUtil.fireEventImpl(EventUtil.java:74)
	at com.sun.javafx.event.EventUtil.fireEvent(EventUtil.java:49)
	at javafx.event.Event.fireEvent(Event.java:198)
	at javafx.scene.Node.fireEvent(Node.java:8411)
	at javafx.scene.control.Button.fire(Button.java:185)
	at com.sun.javafx.scene.control.behavior.ButtonBehavior.mouseReleased(ButtonBehavior.java:182)
	at com.sun.javafx.scene.control.skin.BehaviorSkinBase$1.handle(BehaviorSkinBase.java:96)
	at com.sun.javafx.scene.control.skin.BehaviorSkinBase$1.handle(BehaviorSkinBase.java:89)
	at com.sun.javafx.event.CompositeEventHandler$NormalEventHandlerRecord.handleBubblingEvent(CompositeEventHandler.java:218)
	at com.sun.javafx.event.CompositeEventHandler.dispatchBubblingEvent(CompositeEventHandler.java:80)
	at com.sun.javafx.event.EventHandlerManager.dispatchBubblingEvent(EventHandlerManager.java:238)
	at com.sun.javafx.event.EventHandlerManager.dispatchBubblingEvent(EventHandlerManager.java:191)
	at com.sun.javafx.event.CompositeEventDispatcher.dispatchBubblingEvent(CompositeEventDispatcher.java:59)
	at com.sun.javafx.event.BasicEventDispatcher.dispatchEvent(BasicEventDispatcher.java:58)
	at com.sun.javafx.event.EventDispatchChainImpl.dispatchEvent(EventDispatchChainImpl.java:114)
	at com.sun.javafx.event.BasicEventDispatcher.dispatchEvent(BasicEventDispatcher.java:56)
	at com.sun.javafx.event.EventDispatchChainImpl.dispatchEvent(EventDispatchChainImpl.java:114)
	at com.sun.javafx.event.BasicEventDispatcher.dispatchEvent(BasicEventDispatcher.java:56)
	at com.sun.javafx.event.EventDispatchChainImpl.dispatchEvent(EventDispatchChainImpl.java:114)
	at com.sun.javafx.event.EventUtil.fireEventImpl(EventUtil.java:74)
	at com.sun.javafx.event.EventUtil.fireEvent(EventUtil.java:54)
	at javafx.event.Event.fireEvent(Event.java:198)
	at javafx.scene.Scene$MouseHandler.process(Scene.java:3757)
	at javafx.scene.Scene$MouseHandler.access$1500(Scene.java:3485)
	at javafx.scene.Scene.impl_processMouseEvent(Scene.java:1762)
	at javafx.scene.Scene$ScenePeerListener.mouseEvent(Scene.java:2494)
	at com.sun.javafx.tk.quantum.GlassViewEventHandler$MouseEventNotification.run(GlassViewEventHandler.java:394)
	at com.sun.javafx.tk.quantum.GlassViewEventHandler$MouseEventNotification.run(GlassViewEventHandler.java:295)
	at java.security.AccessController.doPrivileged(Native Method)
	at com.sun.javafx.tk.quantum.GlassViewEventHandler.lambda$handleMouseEvent$353(GlassViewEventHandler.java:432)
	at com.sun.javafx.tk.quantum.QuantumToolkit.runWithoutRenderLock(QuantumToolkit.java:389)
	at com.sun.javafx.tk.quantum.GlassViewEventHandler.handleMouseEvent(GlassViewEventHandler.java:431)
	at com.sun.glass.ui.View.handleMouseEvent(View.java:555)
	at com.sun.glass.ui.View.notifyMouse(View.java:937)
	at com.sun.glass.ui.win.WinApplication._runLoop(Native Method)
	at com.sun.glass.ui.win.WinApplication.lambda$null$147(WinApplication.java:177)
	at java.lang.Thread.run(Thread.java:748)
2019-07-15 17:03:17 INFO  Router:82 - show login scene 
2019-07-15 17:03:17 INFO  Router:95 - start client 
2019-07-15 17:03:25 INFO  Router:216 - show main scene 
2019-07-15 17:03:28 ERROR Listener:53 - catch NullPointerException, server don't work 
java.lang.NullPointerException
	at java.io.StringReader.<init>(StringReader.java:50)
	at messenger.model.serviceRealization.MessageServiceImpl.parseMessage(MessageServiceImpl.java:39)
	at messenger.controller.Listener.showMessage(Listener.java:69)
	at messenger.controller.Listener.run(Listener.java:51)
2019-07-15 17:18:30 INFO  Router:82 - show login scene 
2019-07-15 17:18:30 INFO  Router:95 - start client 
2019-07-15 17:18:41 INFO  Router:216 - show main scene 
2019-07-15 17:18:48 ERROR Listener:53 - catch NullPointerException, server don't work 
java.lang.NullPointerException
	at java.io.StringReader.<init>(StringReader.java:50)
	at messenger.model.serviceRealization.MessageServiceImpl.parseMessage(MessageServiceImpl.java:39)
	at messenger.controller.Listener.showMessage(Listener.java:69)
	at messenger.controller.Listener.run(Listener.java:51)
2019-07-15 17:19:53 INFO  Router:82 - show login scene 
2019-07-15 17:19:53 INFO  Router:95 - start client 
2019-07-15 17:20:01 INFO  Router:216 - show main scene 
2019-07-15 17:20:42 INFO  Router:82 - show login scene 
2019-07-15 17:20:42 INFO  Router:95 - start client 
2019-07-15 17:20:49 INFO  Router:216 - show main scene 
2019-07-15 17:26:34 INFO  Router:82 - show login scene 
2019-07-15 17:26:34 INFO  Router:95 - start client 
2019-07-15 17:26:40 INFO  Router:216 - show main scene 
2019-07-15 17:26:59 WARN  MessageServiceImpl:57 - while parsing message from user
org.xml.sax.SAXParseException; lineNumber: 1; columnNumber: 34; XML document structures must start and end within the same entity.
	at com.sun.org.apache.xerces.internal.parsers.DOMParser.parse(DOMParser.java:257)
	at com.sun.org.apache.xerces.internal.jaxp.DocumentBuilderImpl.parse(DocumentBuilderImpl.java:339)
	at messenger.model.serviceRealization.MessageServiceImpl.parseMessage(MessageServiceImpl.java:39)
	at messenger.controller.Listener.showMessage(Listener.java:69)
	at messenger.controller.Listener.run(Listener.java:51)
2019-07-15 17:26:59 ERROR Listener:53 - catch NullPointerException, server don't work 
java.lang.NullPointerException
	at java.io.StringReader.<init>(StringReader.java:50)
	at messenger.model.serviceRealization.MessageServiceImpl.parseMessage(MessageServiceImpl.java:39)
	at messenger.controller.Listener.showMessage(Listener.java:69)
	at messenger.controller.Listener.run(Listener.java:51)
2019-07-15 17:27:15 INFO  Router:235 - java.net.SocketException: Software caused connection abort: socket write error
2019-07-15 17:27:24 INFO  Router:82 - show login scene 
2019-07-15 17:27:24 INFO  Router:95 - start client 
2019-07-15 17:27:31 INFO  Router:216 - show main scene 
2019-07-15 17:27:36 ERROR Listener:53 - catch NullPointerException, server don't work 
java.lang.NullPointerException
	at java.io.StringReader.<init>(StringReader.java:50)
	at messenger.model.serviceRealization.MessageServiceImpl.parseMessage(MessageServiceImpl.java:39)
	at messenger.controller.Listener.showMessage(Listener.java:69)
	at messenger.controller.Listener.run(Listener.java:51)
2019-07-15 17:27:49 INFO  Router:235 - java.net.SocketException: Software caused connection abort: socket write error
2019-07-15 17:27:58 INFO  Router:246 - java.net.SocketException: Software caused connection abort: socket write error
2019-07-15 17:27:58 INFO  Router:235 - java.net.SocketException: Software caused connection abort: socket write error
2019-07-15 17:28:42 INFO  Router:82 - show login scene 
2019-07-15 17:28:42 INFO  Router:95 - start client 
2019-07-15 17:28:49 INFO  Router:216 - show main scene 
2019-07-15 17:29:02 WARN  MessageServiceImpl:57 - while parsing message from user
org.xml.sax.SAXParseException; lineNumber: 1; columnNumber: 48; XML document structures must start and end within the same entity.
	at com.sun.org.apache.xerces.internal.parsers.DOMParser.parse(DOMParser.java:257)
	at com.sun.org.apache.xerces.internal.jaxp.DocumentBuilderImpl.parse(DocumentBuilderImpl.java:339)
	at messenger.model.serviceRealization.MessageServiceImpl.parseMessage(MessageServiceImpl.java:39)
	at messenger.controller.Listener.showMessage(Listener.java:69)
	at messenger.controller.Listener.run(Listener.java:51)
2019-07-15 17:29:02 ERROR Listener:53 - catch NullPointerException, server don't work 
java.lang.NullPointerException
	at java.io.StringReader.<init>(StringReader.java:50)
	at messenger.model.serviceRealization.MessageServiceImpl.parseMessage(MessageServiceImpl.java:39)
	at messenger.controller.Listener.showMessage(Listener.java:69)
	at messenger.controller.Listener.run(Listener.java:51)
2019-07-15 17:32:09 INFO  Router:82 - show login scene 
2019-07-15 17:32:09 INFO  Router:95 - start client 
2019-07-15 17:32:15 INFO  Router:216 - show main scene 
2019-07-15 17:33:14 INFO  Router:82 - show login scene 
2019-07-15 17:33:14 INFO  Router:95 - start client 
2019-07-15 17:33:20 INFO  Router:216 - show main scene 
2019-07-15 17:33:24 ERROR Listener:53 - catch NullPointerException, server don't work 
java.lang.NullPointerException
	at java.io.StringReader.<init>(StringReader.java:50)
	at messenger.model.serviceRealization.MessageServiceImpl.parseMessage(MessageServiceImpl.java:39)
	at messenger.controller.Listener.showMessage(Listener.java:69)
	at messenger.controller.Listener.run(Listener.java:51)
2019-07-15 17:33:31 INFO  Router:235 - java.net.SocketException: Software caused connection abort: socket write error
2019-07-15 17:33:47 INFO  Router:82 - show login scene 
2019-07-15 17:33:48 INFO  Router:95 - start client 
2019-07-15 17:33:54 INFO  Router:216 - show main scene 
2019-07-15 17:33:57 ERROR Listener:53 - catch NullPointerException, server don't work 
java.lang.NullPointerException
	at java.io.StringReader.<init>(StringReader.java:50)
	at messenger.model.serviceRealization.MessageServiceImpl.parseMessage(MessageServiceImpl.java:39)
	at messenger.controller.Listener.showMessage(Listener.java:69)
	at messenger.controller.Listener.run(Listener.java:51)
2019-07-15 17:34:24 INFO  Router:82 - show login scene 
2019-07-15 17:34:24 INFO  Router:95 - start client 
2019-07-15 17:34:31 INFO  Router:216 - show main scene 
2019-07-15 18:14:28 INFO  Router:82 - show login scene 
2019-07-15 18:14:28 INFO  Router:95 - start client 
2019-07-15 18:14:34 WARN  Router:165 - User can't authorize
messenger.model.exceptions.AuthException: Name or password is not correct
	at messenger.model.serviceRealization.UserRegistrationServiceImpl.auth(UserRegistrationServiceImpl.java:49)
	at messenger.controller.Router.login(Router.java:160)
	at messenger.controller.Router.lambda$actions$0(Router.java:114)
	at com.sun.javafx.event.CompositeEventHandler.dispatchBubblingEvent(CompositeEventHandler.java:86)
	at com.sun.javafx.event.EventHandlerManager.dispatchBubblingEvent(EventHandlerManager.java:238)
	at com.sun.javafx.event.EventHandlerManager.dispatchBubblingEvent(EventHandlerManager.java:191)
	at com.sun.javafx.event.CompositeEventDispatcher.dispatchBubblingEvent(CompositeEventDispatcher.java:59)
	at com.sun.javafx.event.BasicEventDispatcher.dispatchEvent(BasicEventDispatcher.java:58)
	at com.sun.javafx.event.EventDispatchChainImpl.dispatchEvent(EventDispatchChainImpl.java:114)
	at com.sun.javafx.event.BasicEventDispatcher.dispatchEvent(BasicEventDispatcher.java:56)
	at com.sun.javafx.event.EventDispatchChainImpl.dispatchEvent(EventDispatchChainImpl.java:114)
	at com.sun.javafx.event.BasicEventDispatcher.dispatchEvent(BasicEventDispatcher.java:56)
	at com.sun.javafx.event.EventDispatchChainImpl.dispatchEvent(EventDispatchChainImpl.java:114)
	at com.sun.javafx.event.EventUtil.fireEventImpl(EventUtil.java:74)
	at com.sun.javafx.event.EventUtil.fireEvent(EventUtil.java:49)
	at javafx.event.Event.fireEvent(Event.java:198)
	at javafx.scene.Node.fireEvent(Node.java:8411)
	at javafx.scene.control.Button.fire(Button.java:185)
	at com.sun.javafx.scene.control.behavior.ButtonBehavior.mouseReleased(ButtonBehavior.java:182)
	at com.sun.javafx.scene.control.skin.BehaviorSkinBase$1.handle(BehaviorSkinBase.java:96)
	at com.sun.javafx.scene.control.skin.BehaviorSkinBase$1.handle(BehaviorSkinBase.java:89)
	at com.sun.javafx.event.CompositeEventHandler$NormalEventHandlerRecord.handleBubblingEvent(CompositeEventHandler.java:218)
	at com.sun.javafx.event.CompositeEventHandler.dispatchBubblingEvent(CompositeEventHandler.java:80)
	at com.sun.javafx.event.EventHandlerManager.dispatchBubblingEvent(EventHandlerManager.java:238)
	at com.sun.javafx.event.EventHandlerManager.dispatchBubblingEvent(EventHandlerManager.java:191)
	at com.sun.javafx.event.CompositeEventDispatcher.dispatchBubblingEvent(CompositeEventDispatcher.java:59)
	at com.sun.javafx.event.BasicEventDispatcher.dispatchEvent(BasicEventDispatcher.java:58)
	at com.sun.javafx.event.EventDispatchChainImpl.dispatchEvent(EventDispatchChainImpl.java:114)
	at com.sun.javafx.event.BasicEventDispatcher.dispatchEvent(BasicEventDispatcher.java:56)
	at com.sun.javafx.event.EventDispatchChainImpl.dispatchEvent(EventDispatchChainImpl.java:114)
	at com.sun.javafx.event.BasicEventDispatcher.dispatchEvent(BasicEventDispatcher.java:56)
	at com.sun.javafx.event.EventDispatchChainImpl.dispatchEvent(EventDispatchChainImpl.java:114)
	at com.sun.javafx.event.EventUtil.fireEventImpl(EventUtil.java:74)
	at com.sun.javafx.event.EventUtil.fireEvent(EventUtil.java:54)
	at javafx.event.Event.fireEvent(Event.java:198)
	at javafx.scene.Scene$MouseHandler.process(Scene.java:3757)
	at javafx.scene.Scene$MouseHandler.access$1500(Scene.java:3485)
	at javafx.scene.Scene.impl_processMouseEvent(Scene.java:1762)
	at javafx.scene.Scene$ScenePeerListener.mouseEvent(Scene.java:2494)
	at com.sun.javafx.tk.quantum.GlassViewEventHandler$MouseEventNotification.run(GlassViewEventHandler.java:394)
	at com.sun.javafx.tk.quantum.GlassViewEventHandler$MouseEventNotification.run(GlassViewEventHandler.java:295)
	at java.security.AccessController.doPrivileged(Native Method)
	at com.sun.javafx.tk.quantum.GlassViewEventHandler.lambda$handleMouseEvent$353(GlassViewEventHandler.java:432)
	at com.sun.javafx.tk.quantum.QuantumToolkit.runWithoutRenderLock(QuantumToolkit.java:389)
	at com.sun.javafx.tk.quantum.GlassViewEventHandler.handleMouseEvent(GlassViewEventHandler.java:431)
	at com.sun.glass.ui.View.handleMouseEvent(View.java:555)
	at com.sun.glass.ui.View.notifyMouse(View.java:937)
	at com.sun.glass.ui.win.WinApplication._runLoop(Native Method)
	at com.sun.glass.ui.win.WinApplication.lambda$null$147(WinApplication.java:177)
	at java.lang.Thread.run(Thread.java:748)
2019-07-15 18:18:19 INFO  Router:82 - show login scene 
2019-07-15 18:18:19 INFO  Router:95 - start client 
2019-07-15 18:18:26 INFO  Router:216 - show main scene 
2019-07-15 18:18:36 INFO  Router:82 - show login scene 
2019-07-15 18:18:36 INFO  Router:95 - start client 
2019-07-15 18:18:45 INFO  Router:216 - show main scene 
