2019-07-08 10:43:06 WARN  UserRegistrationServiceImpl:69 - exception while parsing string with xml from client when one authorizing
org.xml.sax.SAXParseException; lineNumber: 1; columnNumber: 1; Content is not allowed in prolog.
	at com.sun.org.apache.xerces.internal.parsers.DOMParser.parse(DOMParser.java:257)
	at com.sun.org.apache.xerces.internal.jaxp.DocumentBuilderImpl.parse(DocumentBuilderImpl.java:339)
	at messenger.model.UserRegistrationServiceImpl.auth(UserRegistrationServiceImpl.java:45)
	at messenger.controller.Handler.run(Handler.java:39)
2019-07-08 10:46:14 INFO  Handler:34 - Server started . . . 
2019-07-08 10:46:40 WARN  Handler:63 - java.net.SocketException: Connection reset
2019-07-08 10:48:58 INFO  Handler:34 - Server started . . . 
2019-07-08 10:51:02 WARN  Handler:63 - java.net.SocketException: Connection reset
2019-07-08 10:51:58 INFO  Handler:35 - Server started . . . 
2019-07-08 10:52:30 WARN  Handler:64 - java.net.SocketException: Connection reset
2019-07-08 11:00:08 INFO  Handler:36 - Server started . . . 
2019-07-08 11:00:24 INFO  Handler:36 - Server started . . . 
2019-07-08 11:00:41 INFO  Handler:36 - Server started . . . 
2019-07-08 11:01:04 INFO  Handler:36 - Server started . . . 
2019-07-08 11:03:10 WARN  Handler:66 - java.net.SocketException: Connection reset
2019-07-08 11:03:12 WARN  Handler:66 - java.net.SocketException: Connection reset
2019-07-08 11:03:18 WARN  Handler:66 - java.net.SocketException: Connection reset
2019-07-08 11:06:54 INFO  Handler:36 - Server started . . . 
2019-07-08 11:13:30 INFO  Handler:36 - Server started . . . 
2019-07-08 11:15:30 INFO  Handler:36 - Server started . . . 
2019-07-08 11:16:18 INFO  Handler:36 - Server started . . . 
2019-07-08 11:39:29 INFO  Handler:36 - Server started . . . 
2019-07-08 11:40:11 WARN  Handler:66 - java.net.SocketException: Connection reset
2019-07-08 11:40:16 INFO  Handler:36 - Server started . . . 
2019-07-08 11:41:06 WARN  Handler:66 - java.net.SocketException: Connection reset
2019-07-08 13:34:52 INFO  Handler:36 - Server started . . . 
2019-07-08 13:35:54 WARN  Handler:69 - java.net.SocketException: Connection reset
2019-07-08 13:46:42 INFO  Handler:36 - Server started . . . 
2019-07-08 13:47:24 WARN  Handler:69 - java.net.SocketException: Connection reset
2019-07-08 19:11:38 INFO  Handler:36 - Server started . . . 
2019-07-08 19:11:59 INFO  Handler:36 - Server started . . . 
2019-07-08 19:12:51 WARN  Handler:69 - java.net.SocketException: Connection reset
2019-07-08 19:12:59 INFO  Handler:36 - Server started . . . 
2019-07-08 19:13:14 INFO  Handler:36 - Server started . . . 
2019-07-08 19:18:21 WARN  Handler:69 - java.net.SocketException: Connection reset
2019-07-08 19:18:32 INFO  Handler:36 - Server started . . . 
2019-07-08 19:18:47 INFO  Handler:36 - Server started . . . 
2019-07-08 19:19:23 WARN  Handler:70 - java.net.SocketException: Connection reset
2019-07-08 19:19:24 WARN  Handler:70 - java.net.SocketException: Connection reset
2019-07-08 19:43:52 INFO  Handler:36 - Server started . . . 
2019-07-08 19:44:09 INFO  Handler:36 - Server started . . . 
2019-07-08 19:44:32 WARN  Handler:70 - java.net.SocketException: Connection reset
2019-07-08 19:44:33 WARN  Handler:70 - java.net.SocketException: Connection reset
2019-07-08 19:45:07 INFO  Handler:36 - Server started . . . 
2019-07-08 19:45:36 WARN  Handler:70 - java.net.SocketException: Connection reset
